Build started 2015/9/7 16:21:58.
     1>Project "D:\imageAnalyzer\Haralick-2D\Harilick\Harilick.vcxproj" on node 2 (build target(s)).
     1>InitializeBuildStatus:
         Creating "Debug\Harilick.unsuccessfulbuild" because "AlwaysCreate" was specified.
       ClCompile:
         All outputs are up-to-date.
         C:\Program Files (x86)\Microsoft Visual Studio 10.0\VC\bin\CL.exe /c /ZI /nologo /W3 /WX- /Od /Oy- /D WIN32 /D _DEBUG /D _CONSOLE /D _UNICODE /D UNICODE /Gm /EHsc /RTC1 /MDd /GS /fp:precise /Zc:wchar_t /Zc:forScope /Fo"Debug\\" /Fd"Debug\vc100.pdb" /Gd /TP /analyze- /errorReport:prompt Haralick.cpp
         Haralick.cpp
     1>d:\imageanalyzer\haralick-2d\harilick\cfindfile.h(108): warning C4101: “dWriteFile”: 未引用的局部变量
     1>d:\imageanalyzer\haralick-2d\harilick\haralick.cpp(22): warning C4005: “MAX_PATH”: 宏重定义
                 c:\program files (x86)\microsoft sdks\windows\v7.0a\include\windef.h(57) : 参见“MAX_PATH”的前一个定义
       ManifestResourceCompile:
         All outputs are up-to-date.
       Link:
         C:\Program Files (x86)\Microsoft Visual Studio 10.0\VC\bin\link.exe /ERRORREPORT:PROMPT /OUT:"D:\imageAnalyzer\Haralick-2D\Debug\Harilick.exe" /INCREMENTAL /NOLOGO kernel32.lib user32.lib gdi32.lib winspool.lib comdlg32.lib advapi32.lib shell32.lib ole32.lib oleaut32.lib uuid.lib odbc32.lib odbccp32.lib /MANIFEST /ManifestFile:"Debug\Harilick.exe.intermediate.manifest" /MANIFESTUAC:"level='asInvoker' uiAccess='false'" /DEBUG /PDB:"D:\imageAnalyzer\Haralick-2D\Debug\Harilick.pdb" /SUBSYSTEM:CONSOLE /TLBID:1 /DYNAMICBASE /NXCOMPAT /IMPLIB:"D:\imageAnalyzer\Haralick-2D\Debug\Harilick.lib" /MACHINE:X86 Debug\Harilick.exe.embed.manifest.res
         Debug\cvip_pgmtexture.obj
         Debug\Haralick.obj
         Debug\stdafx.obj
       Manifest:
         C:\Program Files (x86)\Microsoft SDKs\Windows\v7.0A\bin\mt.exe /nologo /verbose /out:"Debug\Harilick.exe.embed.manifest" /manifest Debug\Harilick.exe.intermediate.manifest
         All outputs are up-to-date.
       LinkEmbedManifest:
         All outputs are up-to-date.
         Harilick.vcxproj -> D:\imageAnalyzer\Haralick-2D\Debug\Harilick.exe
       FinalizeBuildStatus:
         Deleting file "Debug\Harilick.unsuccessfulbuild".
         Touching "Debug\Harilick.lastbuildstate".
     1>Done Building Project "D:\imageAnalyzer\Haralick-2D\Harilick\Harilick.vcxproj" (build target(s)).

生成成功。

Time Elapsed 00:00:02.43
