D:\HFF\SOFT\HARALICK-2D\DEBUG\HARILICK.EXE
D:\HFF\SOFT\HARALICK-2D\DEBUG\HARILICK.ILK
D:\HFF\SOFT\HARALICK-2D\DEBUG\HARILICK.PDB
D:\HFF\soft\Haralick-2D\Harilick\Debug\cl.command.1.tlog
D:\HFF\soft\Haralick-2D\Harilick\Debug\CL.read.1.tlog
D:\HFF\soft\Haralick-2D\Harilick\Debug\CL.write.1.tlog
D:\HFF\SOFT\HARALICK-2D\HARILICK\DEBUG\CVIP_PGMTEXTURE.OBJ
D:\HFF\SOFT\HARALICK-2D\HARILICK\DEBUG\HARILICK.EXE.EMBED.MANIFEST
D:\HFF\SOFT\HARALICK-2D\HARILICK\DEBUG\HARILICK.EXE.EMBED.MANIFEST.RES
D:\HFF\SOFT\HARALICK-2D\HARILICK\DEBUG\HARILICK.EXE.INTERMEDIATE.MANIFEST
D:\HFF\SOFT\HARALICK-2D\HARILICK\DEBUG\HARILICK.OBJ
D:\HFF\SOFT\HARALICK-2D\HARILICK\DEBUG\HARILICK.PCH
D:\HFF\soft\Haralick-2D\Harilick\Debug\Harilick_manifest.rc
D:\HFF\soft\Haralick-2D\Harilick\Debug\link.2832.read.1.tlog
D:\HFF\soft\Haralick-2D\Harilick\Debug\link.2832.write.1.tlog
D:\HFF\soft\Haralick-2D\Harilick\Debug\link.2832-cvtres.read.1.tlog
D:\HFF\soft\Haralick-2D\Harilick\Debug\link.2832-cvtres.write.1.tlog
D:\HFF\soft\Haralick-2D\Harilick\Debug\link.4164.read.1.tlog
D:\HFF\soft\Haralick-2D\Harilick\Debug\link.4164.write.1.tlog
D:\HFF\soft\Haralick-2D\Harilick\Debug\link.4164-cvtres.read.1.tlog
D:\HFF\soft\Haralick-2D\Harilick\Debug\link.4164-cvtres.write.1.tlog
D:\HFF\soft\Haralick-2D\Harilick\Debug\link.4320.read.1.tlog
D:\HFF\soft\Haralick-2D\Harilick\Debug\link.4320.write.1.tlog
D:\HFF\soft\Haralick-2D\Harilick\Debug\link.4320-cvtres.read.1.tlog
D:\HFF\soft\Haralick-2D\Harilick\Debug\link.4320-cvtres.write.1.tlog
D:\HFF\soft\Haralick-2D\Harilick\Debug\link.command.1.tlog
D:\HFF\soft\Haralick-2D\Harilick\Debug\link.read.1.tlog
D:\HFF\soft\Haralick-2D\Harilick\Debug\link.write.1.tlog
D:\HFF\soft\Haralick-2D\Harilick\Debug\link-cvtres.read.1.tlog
D:\HFF\soft\Haralick-2D\Harilick\Debug\link-cvtres.write.1.tlog
D:\HFF\soft\Haralick-2D\Harilick\Debug\mt.command.1.tlog
D:\HFF\soft\Haralick-2D\Harilick\Debug\mt.read.1.tlog
D:\HFF\soft\Haralick-2D\Harilick\Debug\mt.write.1.tlog
D:\HFF\soft\Haralick-2D\Harilick\Debug\rc.command.1.tlog
D:\HFF\soft\Haralick-2D\Harilick\Debug\rc.read.1.tlog
D:\HFF\soft\Haralick-2D\Harilick\Debug\rc.write.1.tlog
D:\HFF\SOFT\HARALICK-2D\HARILICK\DEBUG\STDAFX.OBJ
D:\HFF\soft\Haralick-2D\Harilick\Debug\vc100.idb
D:\HFF\SOFT\HARALICK-2D\HARILICK\DEBUG\VC100.PDB
